[INFO] Scanning for projects...
[INFO] 
[INFO] --------------------< com.github.slimefun:Slimefun >--------------------
[INFO] Building Slimefun RC - 17 (git e8a90f05)
[INFO] --------------------------------[ jar ]---------------------------------
[INFO] Downloading from walshy-public: https://repo.walshy.dev/public/org/spigotmc/spigot-api/1.16.3-R0.1-SNAPSHOT/maven-metadata.xml
[WARNING] Could not transfer metadata org.spigotmc:spigot-api:1.16.3-R0.1-SNAPSHOT/maven-metadata.xml from/to walshy-public (https://repo.walshy.dev/public/): Transfer failed for https://repo.walshy.dev/public/org/spigotmc/spigot-api/1.16.3-R0.1-SNAPSHOT/maven-metadata.xml 500 Server Error
[WARNING] Failure to transfer org.spigotmc:spigot-api:1.16.3-R0.1-SNAPSHOT/maven-metadata.xml from https://repo.walshy.dev/public/ was cached in the local repository, resolution will not be reattempted until the update interval of walshy-public has elapsed or updates are forced. Original error: Could not transfer metadata org.spigotmc:spigot-api:1.16.3-R0.1-SNAPSHOT/maven-metadata.xml from/to walshy-public (https://repo.walshy.dev/public/): Transfer failed for https://repo.walshy.dev/public/org/spigotmc/spigot-api/1.16.3-R0.1-SNAPSHOT/maven-metadata.xml 500 Server Error
[WARNING] The POM for com.github.TheBusyBiscuit:CS-CoreLib2:jar:0.26 is invalid, transitive dependencies (if any) will not be available, enable debug logging for more details
[INFO] Downloading from walshy-public: https://repo.walshy.dev/public/com/sk89q/worldedit/worldedit-bukkit/7.2.0-SNAPSHOT/maven-metadata.xml
[WARNING] Could not transfer metadata com.sk89q.worldedit:worldedit-bukkit:7.2.0-SNAPSHOT/maven-metadata.xml from/to walshy-public (https://repo.walshy.dev/public/): Transfer failed for https://repo.walshy.dev/public/com/sk89q/worldedit/worldedit-bukkit/7.2.0-SNAPSHOT/maven-metadata.xml 500 Server Error
[WARNING] Failure to transfer com.sk89q.worldedit:worldedit-bukkit:7.2.0-SNAPSHOT/maven-metadata.xml from https://repo.walshy.dev/public/ was cached in the local repository, resolution will not be reattempted until the update interval of walshy-public has elapsed or updates are forced. Original error: Could not transfer metadata com.sk89q.worldedit:worldedit-bukkit:7.2.0-SNAPSHOT/maven-metadata.xml from/to walshy-public (https://repo.walshy.dev/public/): Transfer failed for https://repo.walshy.dev/public/com/sk89q/worldedit/worldedit-bukkit/7.2.0-SNAPSHOT/maven-metadata.xml 500 Server Error
[INFO] Downloading from walshy-public: https://repo.walshy.dev/public/com/sk89q/worldedit/worldedit-core/7.2.0-SNAPSHOT/maven-metadata.xml
[WARNING] Could not transfer metadata com.sk89q.worldedit:worldedit-core:7.2.0-SNAPSHOT/maven-metadata.xml from/to walshy-public (https://repo.walshy.dev/public/): Transfer failed for https://repo.walshy.dev/public/com/sk89q/worldedit/worldedit-core/7.2.0-SNAPSHOT/maven-metadata.xml 500 Server Error
[WARNING] Failure to transfer com.sk89q.worldedit:worldedit-core:7.2.0-SNAPSHOT/maven-metadata.xml from https://repo.walshy.dev/public/ was cached in the local repository, resolution will not be reattempted until the update interval of walshy-public has elapsed or updates are forced. Original error: Could not transfer metadata com.sk89q.worldedit:worldedit-core:7.2.0-SNAPSHOT/maven-metadata.xml from/to walshy-public (https://repo.walshy.dev/public/): Transfer failed for https://repo.walshy.dev/public/com/sk89q/worldedit/worldedit-core/7.2.0-SNAPSHOT/maven-metadata.xml 500 Server Error
[INFO] Downloading from walshy-public: https://repo.walshy.dev/public/com/sk89q/worldedit/worldedit-libs/core/7.2.0-SNAPSHOT/maven-metadata.xml
[WARNING] Could not transfer metadata com.sk89q.worldedit.worldedit-libs:core:7.2.0-SNAPSHOT/maven-metadata.xml from/to walshy-public (https://repo.walshy.dev/public/): Transfer failed for https://repo.walshy.dev/public/com/sk89q/worldedit/worldedit-libs/core/7.2.0-SNAPSHOT/maven-metadata.xml 500 Server Error
[WARNING] Failure to transfer com.sk89q.worldedit.worldedit-libs:core:7.2.0-SNAPSHOT/maven-metadata.xml from https://repo.walshy.dev/public/ was cached in the local repository, resolution will not be reattempted until the update interval of walshy-public has elapsed or updates are forced. Original error: Could not transfer metadata com.sk89q.worldedit.worldedit-libs:core:7.2.0-SNAPSHOT/maven-metadata.xml from/to walshy-public (https://repo.walshy.dev/public/): Transfer failed for https://repo.walshy.dev/public/com/sk89q/worldedit/worldedit-libs/core/7.2.0-SNAPSHOT/maven-metadata.xml 500 Server Error
[INFO] Downloading from walshy-public: https://repo.walshy.dev/public/com/sk89q/worldedit/worldedit-libs/bukkit/7.2.0-SNAPSHOT/maven-metadata.xml
[WARNING] Could not transfer metadata com.sk89q.worldedit.worldedit-libs:bukkit:7.2.0-SNAPSHOT/maven-metadata.xml from/to walshy-public (https://repo.walshy.dev/public/): Transfer failed for https://repo.walshy.dev/public/com/sk89q/worldedit/worldedit-libs/bukkit/7.2.0-SNAPSHOT/maven-metadata.xml 500 Server Error
[WARNING] Failure to transfer com.sk89q.worldedit.worldedit-libs:bukkit:7.2.0-SNAPSHOT/maven-metadata.xml from https://repo.walshy.dev/public/ was cached in the local repository, resolution will not be reattempted until the update interval of walshy-public has elapsed or updates are forced. Original error: Could not transfer metadata com.sk89q.worldedit.worldedit-libs:bukkit:7.2.0-SNAPSHOT/maven-metadata.xml from/to walshy-public (https://repo.walshy.dev/public/): Transfer failed for https://repo.walshy.dev/public/com/sk89q/worldedit/worldedit-libs/bukkit/7.2.0-SNAPSHOT/maven-metadata.xml 500 Server Error
[INFO] Downloading from walshy-public: https://repo.walshy.dev/public/org/spigotmc/spigot-api/1.16.1-R0.1-SNAPSHOT/maven-metadata.xml
[WARNING] Could not transfer metadata org.spigotmc:spigot-api:1.16.1-R0.1-SNAPSHOT/maven-metadata.xml from/to walshy-public (https://repo.walshy.dev/public/): Transfer failed for https://repo.walshy.dev/public/org/spigotmc/spigot-api/1.16.1-R0.1-SNAPSHOT/maven-metadata.xml 500 Server Error
[WARNING] Failure to transfer org.spigotmc:spigot-api:1.16.1-R0.1-SNAPSHOT/maven-metadata.xml from https://repo.walshy.dev/public/ was cached in the local repository, resolution will not be reattempted until the update interval of walshy-public has elapsed or updates are forced. Original error: Could not transfer metadata org.spigotmc:spigot-api:1.16.1-R0.1-SNAPSHOT/maven-metadata.xml from/to walshy-public (https://repo.walshy.dev/public/): Transfer failed for https://repo.walshy.dev/public/org/spigotmc/spigot-api/1.16.1-R0.1-SNAPSHOT/maven-metadata.xml 500 Server Error
[INFO] 
[INFO] --- maven-clean-plugin:2.5:clean (default-clean) @ Slimefun ---
[INFO] 
[INFO] --- jacoco-maven-plugin:0.8.6:prepare-agent (prepare) @ Slimefun ---
[INFO] argLine set to -javaagent:/home/runner/.m2/repository/org/jacoco/org.jacoco.agent/0.8.6/org.jacoco.agent-0.8.6-runtime.jar=destfile=/home/runner/work/builds/builds/TheBusyBiscuit/Slimefun4/stable/files/target/jacoco.exec
[INFO] 
[INFO] --- maven-resources-plugin:2.6:resources (default-resources) @ Slimefun ---
[INFO] Using 'UTF-8' encoding to copy filtered resources.
[INFO] Copying 152 resources
[INFO] Copying 1 resource
[INFO] 
[INFO] --- maven-compiler-plugin:3.8.1:compile (default-compile) @ Slimefun ---
[INFO] Changes detected - recompiling the module!
[INFO] Compiling 466 source files to /home/runner/work/builds/builds/TheBusyBiscuit/Slimefun4/stable/files/target/classes
[INFO] /home/runner/work/builds/builds/TheBusyBiscuit/Slimefun4/stable/files/src/main/java/io/github/thebusybiscuit/slimefun4/implementation/items/cargo/TrashCan.java: Some input files use or override a deprecated API.
[INFO] /home/runner/work/builds/builds/TheBusyBiscuit/Slimefun4/stable/files/src/main/java/io/github/thebusybiscuit/slimefun4/implementation/items/cargo/TrashCan.java: Recompile with -Xlint:deprecation for details.
[INFO] 
[INFO] --- maven-resources-plugin:2.6:testResources (default-testResources) @ Slimefun ---
[INFO] Using 'UTF-8' encoding to copy filtered resources.
[INFO] skip non existing resourceDirectory /home/runner/work/builds/builds/TheBusyBiscuit/Slimefun4/stable/files/src/test/resources
[INFO] 
[INFO] --- maven-compiler-plugin:3.8.1:testCompile (default-testCompile) @ Slimefun ---
[INFO] Changes detected - recompiling the module!
[INFO] Compiling 85 source files to /home/runner/work/builds/builds/TheBusyBiscuit/Slimefun4/stable/files/target/test-classes
[INFO] 
[INFO] --- maven-surefire-plugin:3.0.0-M5:test (default-test) @ Slimefun ---
[INFO] 
[INFO] -------------------------------------------------------
[INFO]  T E S T S
[INFO] -------------------------------------------------------
[INFO] Running io.github.thebusybiscuit.slimefun4.testing.tests.tags.TestSlimefunTags
[10:17:16 SEVERE]: [Slimefun] Failed to create AutoUpdater
[INFO] Tests run: 6, Failures: 0, Errors: 0, Skipped: 0, Time elapsed: 1.254 s - in io.github.thebusybiscuit.slimefun4.testing.tests.tags.TestSlimefunTags
[INFO] Running io.github.thebusybiscuit.slimefun4.testing.tests.tags.TestTagParser
[10:17:16 SEVERE]: [Slimefun] Failed to create AutoUpdater
[INFO] Tests run: 9, Failures: 0, Errors: 0, Skipped: 0, Time elapsed: 0.051 s - in io.github.thebusybiscuit.slimefun4.testing.tests.tags.TestTagParser
[INFO] Running io.github.thebusybiscuit.slimefun4.testing.tests.guide.TestBookSlimefunGuide
[10:17:16 SEVERE]: [Slimefun] Failed to create AutoUpdater
[INFO] Tests run: 1, Failures: 0, Errors: 0, Skipped: 0, Time elapsed: 0.026 s - in io.github.thebusybiscuit.slimefun4.testing.tests.guide.TestBookSlimefunGuide
[INFO] Running io.github.thebusybiscuit.slimefun4.testing.tests.guide.TestChestSlimefunGuide
[10:17:16 SEVERE]: [Slimefun] Failed to create AutoUpdater
[INFO] Tests run: 1, Failures: 0, Errors: 0, Skipped: 0, Time elapsed: 0.032 s - in io.github.thebusybiscuit.slimefun4.testing.tests.guide.TestChestSlimefunGuide
[INFO] Running io.github.thebusybiscuit.slimefun4.testing.tests.guide.TestGuideOpening
[10:17:16 SEVERE]: [Slimefun] Failed to create AutoUpdater
[INFO] Tests run: 6, Failures: 0, Errors: 0, Skipped: 0, Time elapsed: 0.715 s - in io.github.thebusybiscuit.slimefun4.testing.tests.guide.TestGuideOpening
[INFO] Running io.github.thebusybiscuit.slimefun4.testing.tests.registration.TestSlimefunItemRegistration
[10:17:17 SEVERE]: [Slimefun] Failed to create AutoUpdater
[10:17:17 SEVERE]: [Slimefun] Item "DUPLICATE_ID" from Slimefun vRC - 17 (git e8a90f05) has caused an Error!
[10:17:17 SEVERE]: [Slimefun] You can report it here: https://github.com/Slimefun/Slimefun4/issues
[10:17:17 SEVERE]: [Slimefun] Registering MockSlimefunItem - 'DUPLICATE_ID' (Slimefun vRC - 17 (git e8a90f05)) has failed!
[INFO] Tests run: 12, Failures: 0, Errors: 0, Skipped: 0, Time elapsed: 0.059 s - in io.github.thebusybiscuit.slimefun4.testing.tests.registration.TestSlimefunItemRegistration
[INFO] Running io.github.thebusybiscuit.slimefun4.testing.tests.registration.TestItemSetup
[10:17:17 SEVERE]: [Slimefun] Failed to create AutoUpdater
[10:17:17 INFO]: [Slimefun] Loading Wiki pages...
[INFO] Tests run: 3, Failures: 0, Errors: 0, Skipped: 0, Time elapsed: 0.399 s - in io.github.thebusybiscuit.slimefun4.testing.tests.registration.TestItemSetup
[INFO] Running io.github.thebusybiscuit.slimefun4.testing.tests.registration.TestItemHandlers
[10:17:17 SEVERE]: [Slimefun] Failed to create AutoUpdater
[INFO] Tests run: 4, Failures: 0, Errors: 0, Skipped: 0, Time elapsed: 0.014 s - in io.github.thebusybiscuit.slimefun4.testing.tests.registration.TestItemHandlers
[INFO] Running io.github.thebusybiscuit.slimefun4.testing.tests.registration.TestRechargeableItems
[10:17:17 SEVERE]: [Slimefun] Failed to create AutoUpdater
[INFO] Tests run: 6, Failures: 0, Errors: 0, Skipped: 0, Time elapsed: 0.044 s - in io.github.thebusybiscuit.slimefun4.testing.tests.registration.TestRechargeableItems
[INFO] Running io.github.thebusybiscuit.slimefun4.testing.tests.registration.TestCategories
[10:17:17 SEVERE]: [Slimefun] Failed to create AutoUpdater
[10:17:17 INFO]: [Slimefun] Parent "slimefun:unregistered" for Category "slimefun:locked" was not found, probably just disabled.
[INFO] Tests run: 8, Failures: 0, Errors: 0, Skipped: 0, Time elapsed: 0.03 s - in io.github.thebusybiscuit.slimefun4.testing.tests.registration.TestCategories
[INFO] Running io.github.thebusybiscuit.slimefun4.testing.tests.multiblocks.TestMultiBlocks
[10:17:17 SEVERE]: [Slimefun] Failed to create AutoUpdater
[INFO] Tests run: 7, Failures: 0, Errors: 0, Skipped: 0, Time elapsed: 0.04 s - in io.github.thebusybiscuit.slimefun4.testing.tests.multiblocks.TestMultiBlocks
[INFO] Running io.github.thebusybiscuit.slimefun4.testing.tests.items.tools.TestPortableDustbin
[10:17:17 SEVERE]: [Slimefun] Failed to create AutoUpdater
[INFO] Tests run: 1, Failures: 0, Errors: 0, Skipped: 0, Time elapsed: 0.02 s - in io.github.thebusybiscuit.slimefun4.testing.tests.items.tools.TestPortableDustbin
[INFO] Running io.github.thebusybiscuit.slimefun4.testing.tests.items.tools.TestClimbingPick
[10:17:17 SEVERE]: [Slimefun] Failed to create AutoUpdater
[INFO] Tests run: 56, Failures: 0, Errors: 0, Skipped: 0, Time elapsed: 0.18 s - in io.github.thebusybiscuit.slimefun4.testing.tests.items.tools.TestClimbingPick
[INFO] Running io.github.thebusybiscuit.slimefun4.testing.tests.items.tools.TestTapeMeasure
[10:17:18 SEVERE]: [Slimefun] Failed to create AutoUpdater
[INFO] Tests run: 5, Failures: 0, Errors: 0, Skipped: 0, Time elapsed: 0.028 s - in io.github.thebusybiscuit.slimefun4.testing.tests.items.tools.TestTapeMeasure
[INFO] Running io.github.thebusybiscuit.slimefun4.testing.tests.items.backpacks.TestEnderBackpack
[10:17:18 SEVERE]: [Slimefun] Failed to create AutoUpdater
[INFO] Tests run: 1, Failures: 0, Errors: 0, Skipped: 0, Time elapsed: 0.022 s - in io.github.thebusybiscuit.slimefun4.testing.tests.items.backpacks.TestEnderBackpack
[INFO] Running io.github.thebusybiscuit.slimefun4.testing.tests.items.food.TestDietCookie
[10:17:18 SEVERE]: [Slimefun] Failed to create AutoUpdater
[INFO] Tests run: 1, Failures: 0, Errors: 0, Skipped: 0, Time elapsed: 0.02 s - in io.github.thebusybiscuit.slimefun4.testing.tests.items.food.TestDietCookie
[INFO] Running io.github.thebusybiscuit.slimefun4.testing.tests.items.food.TestMonsterJerky
[10:17:18 SEVERE]: [Slimefun] Failed to create AutoUpdater
[INFO] Tests run: 1, Failures: 0, Errors: 0, Skipped: 0, Time elapsed: 0.016 s - in io.github.thebusybiscuit.slimefun4.testing.tests.items.food.TestMonsterJerky
[INFO] Running io.github.thebusybiscuit.slimefun4.testing.tests.items.food.TestMeatJerky
[10:17:18 SEVERE]: [Slimefun] Failed to create AutoUpdater
[INFO] Tests run: 1, Failures: 0, Errors: 0, Skipped: 0, Time elapsed: 0.021 s - in io.github.thebusybiscuit.slimefun4.testing.tests.items.food.TestMeatJerky
[INFO] Running io.github.thebusybiscuit.slimefun4.testing.tests.researches.TestResearchSetup
[10:17:18 SEVERE]: [Slimefun] Failed to create AutoUpdater
[INFO] Tests run: 2, Failures: 0, Errors: 0, Skipped: 0, Time elapsed: 0.021 s - in io.github.thebusybiscuit.slimefun4.testing.tests.researches.TestResearchSetup
[INFO] Running io.github.thebusybiscuit.slimefun4.testing.tests.researches.TestResearches
[10:17:18 SEVERE]: [Slimefun] Failed to create AutoUpdater
[INFO] Tests run: 9, Failures: 0, Errors: 0, Skipped: 0, Time elapsed: 0.014 s - in io.github.thebusybiscuit.slimefun4.testing.tests.researches.TestResearches
[INFO] Running io.github.thebusybiscuit.slimefun4.testing.tests.researches.TestResearchUnlocking
[10:17:18 SEVERE]: [Slimefun] Failed to create AutoUpdater
[10:17:18 SEVERE]: [Slimefun] Failed to create AutoUpdater
[INFO] Tests run: 2, Failures: 0, Errors: 0, Skipped: 0, Time elapsed: 0.056 s - in io.github.thebusybiscuit.slimefun4.testing.tests.researches.TestResearchUnlocking
[INFO] Running io.github.thebusybiscuit.slimefun4.testing.tests.researches.TestProfileResearches
[10:17:18 SEVERE]: [Slimefun] Failed to create AutoUpdater
[INFO] Tests run: 3, Failures: 0, Errors: 0, Skipped: 0, Time elapsed: 0.048 s - in io.github.thebusybiscuit.slimefun4.testing.tests.researches.TestProfileResearches
[INFO] Running io.github.thebusybiscuit.slimefun4.testing.tests.networks.TestNetworkManager
[INFO] Tests run: 8, Failures: 0, Errors: 0, Skipped: 0, Time elapsed: 0.092 s - in io.github.thebusybiscuit.slimefun4.testing.tests.networks.TestNetworkManager
[INFO] Running io.github.thebusybiscuit.slimefun4.testing.tests.gps.TestWaypoints
[10:17:18 SEVERE]: [Slimefun] Failed to create AutoUpdater
[INFO] Tests run: 7, Failures: 0, Errors: 0, Skipped: 0, Time elapsed: 0.032 s - in io.github.thebusybiscuit.slimefun4.testing.tests.gps.TestWaypoints
[INFO] Running io.github.thebusybiscuit.slimefun4.testing.tests.settings.TestEnumSetting
[10:17:18 SEVERE]: [Slimefun] Failed to create AutoUpdater
[INFO] Tests run: 3, Failures: 0, Errors: 0, Skipped: 0, Time elapsed: 0.015 s - in io.github.thebusybiscuit.slimefun4.testing.tests.settings.TestEnumSetting
[INFO] Running io.github.thebusybiscuit.slimefun4.testing.tests.settings.TestDoubleRangeSetting
[10:17:18 SEVERE]: [Slimefun] Failed to create AutoUpdater
[INFO] Tests run: 4, Failures: 0, Errors: 0, Skipped: 0, Time elapsed: 0.017 s - in io.github.thebusybiscuit.slimefun4.testing.tests.settings.TestDoubleRangeSetting
[INFO] Running io.github.thebusybiscuit.slimefun4.testing.tests.settings.TestItemSettings
[10:17:18 SEVERE]: [Slimefun] Failed to create AutoUpdater
[INFO] Tests run: 4, Failures: 0, Errors: 0, Skipped: 0, Time elapsed: 0.015 s - in io.github.thebusybiscuit.slimefun4.testing.tests.settings.TestItemSettings
[INFO] Running io.github.thebusybiscuit.slimefun4.testing.tests.settings.TestIntRangeSetting
[10:17:18 SEVERE]: [Slimefun] Failed to create AutoUpdater
[INFO] Tests run: 4, Failures: 0, Errors: 0, Skipped: 0, Time elapsed: 0.017 s - in io.github.thebusybiscuit.slimefun4.testing.tests.settings.TestIntRangeSetting
[INFO] Running io.github.thebusybiscuit.slimefun4.testing.tests.settings.TestMaterialTagSetting
[10:17:18 SEVERE]: [Slimefun] Failed to create AutoUpdater
[INFO] Tests run: 3, Failures: 0, Errors: 0, Skipped: 0, Time elapsed: 0.016 s - in io.github.thebusybiscuit.slimefun4.testing.tests.settings.TestMaterialTagSetting
[INFO] Running io.github.thebusybiscuit.slimefun4.testing.tests.utils.TestMinecraftVersion
[INFO] Tests run: 5, Failures: 0, Errors: 0, Skipped: 0, Time elapsed: 0.005 s - in io.github.thebusybiscuit.slimefun4.testing.tests.utils.TestMinecraftVersion
[INFO] Running io.github.thebusybiscuit.slimefun4.testing.tests.utils.TestSoulboundItem
[10:17:18 SEVERE]: [Slimefun] Failed to create AutoUpdater
[INFO] Tests run: 4, Failures: 0, Errors: 0, Skipped: 0, Time elapsed: 0.011 s - in io.github.thebusybiscuit.slimefun4.testing.tests.utils.TestSoulboundItem
[INFO] Running io.github.thebusybiscuit.slimefun4.testing.tests.utils.TestWikiResource
[INFO] Tests run: 1, Failures: 0, Errors: 0, Skipped: 0, Time elapsed: 0.005 s - in io.github.thebusybiscuit.slimefun4.testing.tests.utils.TestWikiResource
[INFO] Running io.github.thebusybiscuit.slimefun4.testing.tests.utils.TestItemStackWrapper
[10:17:18 SEVERE]: [Slimefun] Failed to create AutoUpdater
[INFO] Tests run: 5, Failures: 0, Errors: 0, Skipped: 0, Time elapsed: 0.019 s - in io.github.thebusybiscuit.slimefun4.testing.tests.utils.TestItemStackWrapper
[INFO] Running io.github.thebusybiscuit.slimefun4.testing.tests.utils.TestChatUtils
[INFO] Tests run: 3, Failures: 0, Errors: 0, Skipped: 0, Time elapsed: 0.001 s - in io.github.thebusybiscuit.slimefun4.testing.tests.utils.TestChatUtils
[INFO] Running io.github.thebusybiscuit.slimefun4.testing.tests.utils.TestFireworkUtils
[INFO] Tests run: 4, Failures: 0, Errors: 0, Skipped: 0, Time elapsed: 0.009 s - in io.github.thebusybiscuit.slimefun4.testing.tests.utils.TestFireworkUtils
[INFO] Running io.github.thebusybiscuit.slimefun4.testing.tests.utils.TestHeadTextures
[INFO] Tests run: 1, Failures: 0, Errors: 0, Skipped: 0, Time elapsed: 0.001 s - in io.github.thebusybiscuit.slimefun4.testing.tests.utils.TestHeadTextures
[INFO] Running io.github.thebusybiscuit.slimefun4.testing.tests.TestPluginClass
[10:17:18 SEVERE]: [Slimefun] Failed to create AutoUpdater
[INFO] Tests run: 5, Failures: 0, Errors: 0, Skipped: 0, Time elapsed: 0.009 s - in io.github.thebusybiscuit.slimefun4.testing.tests.TestPluginClass
[INFO] Running io.github.thebusybiscuit.slimefun4.testing.tests.commands.TestResearchCommand
[10:17:18 SEVERE]: [Slimefun] Failed to create AutoUpdater
[INFO] Tests run: 3, Failures: 0, Errors: 0, Skipped: 0, Time elapsed: 0.013 s - in io.github.thebusybiscuit.slimefun4.testing.tests.commands.TestResearchCommand
[INFO] Running io.github.thebusybiscuit.slimefun4.testing.tests.commands.TestGuideCommand
[10:17:18 SEVERE]: [Slimefun] Failed to create AutoUpdater
[INFO] Tests run: 2, Failures: 0, Errors: 0, Skipped: 0, Time elapsed: 0.011 s - in io.github.thebusybiscuit.slimefun4.testing.tests.commands.TestGuideCommand
[INFO] Running io.github.thebusybiscuit.slimefun4.testing.tests.commands.TestDebugFishCommand
[10:17:18 SEVERE]: [Slimefun] Failed to create AutoUpdater
[INFO] Tests run: 2, Failures: 0, Errors: 0, Skipped: 0, Time elapsed: 0.015 s - in io.github.thebusybiscuit.slimefun4.testing.tests.commands.TestDebugFishCommand
[INFO] Running io.github.thebusybiscuit.slimefun4.testing.tests.commands.TestChargeCommand
[10:17:18 SEVERE]: [Slimefun] Failed to create AutoUpdater
[INFO] Tests run: 1, Failures: 0, Errors: 0, Skipped: 0, Time elapsed: 0.007 s - in io.github.thebusybiscuit.slimefun4.testing.tests.commands.TestChargeCommand
[INFO] Running io.github.thebusybiscuit.slimefun4.testing.tests.commands.TestBackpackCommand
[10:17:18 SEVERE]: [Slimefun] Failed to create AutoUpdater
[INFO] Tests run: 6, Failures: 0, Errors: 0, Skipped: 0, Time elapsed: 0.026 s - in io.github.thebusybiscuit.slimefun4.testing.tests.commands.TestBackpackCommand
[INFO] Running io.github.thebusybiscuit.slimefun4.testing.tests.tasks.TestArmorTask
[10:17:18 SEVERE]: [Slimefun] Failed to create AutoUpdater
[INFO] Tests run: 3, Failures: 0, Errors: 0, Skipped: 0, Time elapsed: 0.025 s - in io.github.thebusybiscuit.slimefun4.testing.tests.tasks.TestArmorTask
[INFO] Running io.github.thebusybiscuit.slimefun4.testing.tests.services.TestItemDataService
[10:17:18 SEVERE]: [Slimefun] Failed to create AutoUpdater
[INFO] Tests run: 3, Failures: 0, Errors: 0, Skipped: 0, Time elapsed: 0.014 s - in io.github.thebusybiscuit.slimefun4.testing.tests.services.TestItemDataService
[INFO] Running io.github.thebusybiscuit.slimefun4.testing.tests.services.TestRecipeService
[10:17:18 SEVERE]: [Slimefun] Failed to create AutoUpdater
[10:17:18 INF: [Slimefun] Found 0 Recipes!
O]: [Slimefun] Collecting Snapshots of all Recipes...
[10:17:18 INFO][10:17:18 INFO]: [Slimefun] Collecting Snapshots of all Recipes...
[10:17:18 INFO]: [Slimefun] Found 1 Recipes!
[10:17:18 INFO]: [Slimefun] Collecting Snapshots of all Recipes...
[10:17:18 INFO]: [Slimefun] Found 1 Recipes!
[10:17:18 INFO]: [Slimefun] Collecting Snapshots of all Recipes...
[10:17:18 INFO]: [Slimefun] Found 2 Recipes!
[10:17:18 INFO]: [Slimefun] Collecting Snapshots of all Recipes...
[10:17:18 INFO]: [Slimefun] Found 3 Recipes!
[10:17:18 INFO]: [Slimefun] Collecnd 4 Recipes!
ting Snapshots of all Recipes...
[10:17:18 INFO]: [Slimefun] Fou[10:17:1[10:17:18 INFO]: [Slimefun] Found 5 Recipes!
8 INFO]: [Slimefun] Collecting Snapshots of all Recipes...
[INFO] Tests run: 7, Failures: 0, Errors: 0, Skipped: 0, Time elapsed: 0.04 s - in io.github.thebusybiscuit.slimefun4.testing.tests.services.TestRecipeService
[INFO] Running io.github.thebusybiscuit.slimefun4.testing.tests.services.TestUpdaterService
[10:17:18 SEVERE]: [Slimefun] Failed to create AutoUpdater
[10:17:18 SEVERE]: [Slimefun] Failed to create AutoUpdater
[10:17:18 SEVERE]: [Slimefun] Failed to create AutoUpdater
[INFO] Tests run: 4, Failures: 0, Errors: 0, Skipped: 0, Time elapsed: 0.019 s - in io.github.thebusybiscuit.slimefun4.testing.tests.services.TestUpdaterService
[INFO] Running io.github.thebusybiscuit.slimefun4.testing.tests.services.TestPermissionsService
[10:17:18 SEVERE]: [Slimefun] Failed to create AutoUpdater
[INFO] Tests run: 7, Failures: 0, Errors: 0, Skipped: 0, Time elapsed: 0.017 s - in io.github.thebusybiscuit.slimefun4.testing.tests.services.TestPermissionsService
[INFO] Running io.github.thebusybiscuit.slimefun4.testing.tests.services.TestBlockDataService
[10:17:18 SEVERE]: [Slimefun] Failed to create AutoUpdater
[INFO] Running io.[INFO] Tests run: 2, Failures: 0, Errors: 0, Skipped: 0, Time elapsed: 0.016 s - in io.github.thebusybiscuit.slimefun4.testing.tests.services.TestBlockDataService
github.thebusybiscuit.slimefun4.testing.tests.profiles.TestPlayerBackpacks
[10:17:18 SEVERE]: [Slimefun] Failed to create AutoUpdater
[INFO] Tests run: 4, Failures: 0, Errors: 0, Skipped: 0, Time elapsed: 0.023 s - in io.github.thebusybiscuit.slimefun4.testing.tests.profiles.TestPlayerBackpacks
[INFO] Running io.github.thebusybiscuit.slimefun4.testing.tests.profiles.TestGuideHistory
[10:17:18 SEVERE]: [Slimefun] Failed to create AutoUpdater
[INFO] Tests run: 6, Failures: 0, Errors: 0, Skipped: 0, Time elapsed: 0.028 s - in io.github.thebusybiscuit.slimefun4.testing.tests.profiles.TestGuideHistory
[INFO] Running io.github.thebusybiscuit.slimefun4.testing.tests.profiles.TestPlayerProfile
[10:17:18 SEVERE]: [Slimefun] Failed to create AutoUpdater
[INFO] Tests run: 7, Failures: 0, Errors: 0, Skipped: 0, Time elapsed: 0.024 s - in io.github.thebusybiscuit.slimefun4.testing.tests.profiles.TestPlayerProfile
[INFO] Running io.github.thebusybiscuit.slimefun4.testing.tests.geo.TestResourceRegistration
[10:17:18 SEVERE]: [Slimefun] Failed to create AutoUpdater
[INFO] Tests run: 6, Failures: 0, Errors: 0, Skipped: 0, Time elapsed: 0.015 s - in io.github.thebusybiscuit.slimefun4.testing.tests.geo.TestResourceRegistration
[INFO] Running io.github.thebusybiscuit.slimefun4.testing.tests.listeners.TestFireworksListener
[10:17:18 SEVERE]: [Slimefun] Failed to create AutoUpdater
[INFO] Tests run: 1, Failures: 0, Errors: 0, Skipped: 0, Time elapsed: 0.01 s - in io.github.thebusybiscuit.slimefun4.testing.tests.listeners.TestFireworksListener
[INFO] Running io.github.thebusybiscuit.slimefun4.testing.tests.listeners.TestBrewingStandListener
[10:17:18 SEVERE]: [Slimefun] Failed to create AutoUpdater
[INFO] Tests run: 3, Failures: 0, Errors: 0, Skipped: 0, Time elapsed: 0.214 s - in io.github.thebusybiscuit.slimefun4.testing.tests.listeners.TestBrewingStandListener
[INFO] Running io.github.thebusybiscuit.slimefun4.testing.tests.listeners.TestIronGolemListener
[10:17:19 SEVERE]: [Slimefun] Failed to create AutoUpdater
[INFO] Tests run: 3, Failures: 0, Errors: 0, Skipped: 0, Time elapsed: 0.207 s - in io.github.thebusybiscuit.slimefun4.testing.tests.listeners.TestIronGolemListener
[INFO] Running io.github.thebusybiscuit.slimefun4.testing.tests.listeners.TestCargoNodeListener
[10:17:19 SEVERE]: [Slimefun] Failed to create AutoUpdater
[INFO] Tests run: 7, Failures: 0, Errors: 0, Skipped: 0, Time elapsed: 0.045 s - in io.github.thebusybiscuit.slimefun4.testing.tests.listeners.TestCargoNodeListener
[INFO] Running io.github.thebusybiscuit.slimefun4.testing.tests.listeners.TestGrindstoneListener
[10:17:19 SEVERE]: [Slimefun] Failed to create AutoUpdater
[INFO] Tests run: 6, Failures: 0, Errors: 0, Skipped: 0, Time elapsed: 0.031 s - in io.github.thebusybiscuit.slimefun4.testing.tests.listeners.TestGrindstoneListener
[INFO] Running io.github.thebusybiscuit.slimefun4.testing.tests.listeners.TestMultiblockListener
[10:17:19 SEVERE]: [Slimefun] Failed to create AutoUpdater
[INFO] Tests run: 2, Failures: 0, Errors: 0, Skipped: 0, Time elapsed: 0.01 s - in io.github.thebusybiscuit.slimefun4.testing.tests.listeners.TestMultiblockListener
[INFO] Running io.github.thebusybiscuit.slimefun4.testing.tests.listeners.TestCoolerListener
[10:17:19 SEVERE]: [Slimefun] Failed to create AutoUpdater
[INFO] Tests run: 2, Failures: 0, Errors: 0, Skipped: 0, Time elapsed: 0.022 s - in io.github.thebusybiscuit.slimefun4.testing.tests.listeners.TestCoolerListener
[INFO] Running io.github.thebusybiscuit.slimefun4.testing.tests.listeners.TestDeathpointListener
[10:17:19 SEVERE]: [Slimefun] Failed to create AutoUpdater
[INFO] Tests run: 2, Failures: 0, Errors: 0, Skipped: 0, Time elapsed: 0.023 s - in io.github.thebusybiscuit.slimefun4.testing.tests.listeners.TestDeathpointListener
[INFO] Running io.github.thebusybiscuit.slimefun4.testing.tests.listeners.TestSoulboundListener
[10:17:19 SEVERE]: [Slimefun] Failed to create AutoUpdater
[INFO] Tests run: 4, Failures: 0, Errors: 0, Skipped: 0, Time elapsed: 0.015 s - in io.github.thebusybiscuit.slimefun4.testing.tests.listeners.TestSoulboundListener
[INFO] Running io.github.thebusybiscuit.slimefun4.testing.tests.listeners.TestAnvilListener
[10:17:19 SEVERE]: [Slimefun] Failed to create AutoUpdater
[INFO] Tests run: 3, Failures: 0, Errors: 0, Skipped: 0, Time elapsed: 0.015 s - in io.github.thebusybiscuit.slimefun4.testing.tests.listeners.TestAnvilListener
[INFO] Running io.github.thebusybiscuit.slimefun4.testing.tests.listeners.TestNetworkListener
[10:17:19 SEVERE]: [Slimefun] Failed to create AutoUpdater
[INFO] Tests run: 2, Failures: 0, Errors: 0, Skipped: 0, Time elapsed: 0.086 s - in io.github.thebusybiscuit.slimefun4.testing.tests.listeners.TestNetworkListener
[INFO] Running io.github.thebusybiscuit.slimefun4.testing.tests.listeners.TestBeeListener
[10:17:19 SEVERE]: [Slimefun] Failed to create AutoUpdater
Perhaps you forgot to shade CS-CoreLib's "reflection" package?
java.lang.ClassNotFoundException: org.bukkit.craftbukkit.mockbukkit.inventory.CraftItemStack
	at java.base/jdk.internal.loader.BuiltinClassLoader.loadClass(BuiltinClassLoader.java:581)
	at java.base/jdk.internal.loader.ClassLoaders$AppClassLoader.loadClass(ClassLoaders.java:178)
	at java.base/java.lang.ClassLoader.loadClass(ClassLoader.java:522)
	at java.base/java.lang.Class.forName0(Native Method)
	at java.base/java.lang.Class.forName(Class.java:315)
	at io.github.thebusybiscuit.cscorelib2.reflection.ReflectionUtils.getOBCClass(ReflectionUtils.java:244)
	at io.github.thebusybiscuit.cscorelib2.inventory.ItemUtils.<clinit>(ItemUtils.java:26)
	at io.github.thebusybiscuit.slimefun4.implementation.listeners.BeeListener.onDamage(BeeListener.java:48)
	at io.github.thebusybiscuit.slimefun4.testing.tests.listeners.TestBeeListener.testBeeDamage(TestBeeListener.java:65)
	at java.base/jdk.internal.reflect.NativeMethodAccessorImpl.invoke0(Native Method)
	at java.base/jdk.internal.reflect.NativeMethodAccessorImpl.invoke(NativeMethodAccessorImpl.java:62)
	at java.base/jdk.internal.reflect.DelegatingMethodAccessorImpl.invoke(DelegatingMethodAccessorImpl.java:43)
	at java.base/java.lang.reflect.Method.invoke(Method.java:566)
	at org.junit.platform.commons.util.ReflectionUtils.invokeMethod(ReflectionUtils.java:688)
	at org.junit.jupiter.engine.execution.MethodInvocation.proceed(MethodInvocation.java:60)
	at org.junit.jupiter.engine.execution.InvocationInterceptorChain$ValidatingInvocation.proceed(InvocationInterceptorChain.java:131)
	at org.junit.jupiter.engine.extension.TimeoutExtension.intercept(TimeoutExtension.java:149)
	at org.junit.jupiter.engine.extension.TimeoutExtension.interceptTestableMethod(TimeoutExtension.java:140)
	at org.junit.jupiter.engine.extension.TimeoutExtension.interceptTestTemplateMethod(TimeoutExtension.java:92)
	at org.junit.jupiter.engine.execution.ExecutableInvoker$ReflectiveInterceptorCall.lambda$ofVoidMethod$0(ExecutableInvoker.java:115)
	at org.junit.jupiter.engine.execution.ExecutableInvoker.lambda$invoke$0(ExecutableInvoker.java:105)
	at org.junit.jupiter.engine.execution.InvocationInterceptorChain$InterceptedInvocation.proceed(InvocationInterceptorChain.java:106)
	at org.junit.jupiter.engine.execution.InvocationInterceptorChain.proceed(InvocationInterceptorChain.java:64)
	at org.junit.jupiter.engine.execution.InvocationInterceptorChain.chainAndInvoke(InvocationInterceptorChain.java:45)
	at org.junit.jupiter.engine.execution.InvocationInterceptorChain.invoke(InvocationInterceptorChain.java:37)
	at org.junit.jupiter.engine.execution.ExecutableInvoker.invoke(ExecutableInvoker.java:104)
	at org.junit.jupiter.engine.execution.ExecutableInvoker.invoke(ExecutableInvoker.java:98)
	at org.junit.jupiter.engine.descriptor.TestMethodTestDescriptor.lambda$invokeTestMethod$6(TestMethodTestDescriptor.java:210)
	at org.junit.platform.engine.support.hierarchical.ThrowableCollector.execute(ThrowableCollector.java:73)
	at org.junit.jupiter.engine.descriptor.TestMethodTestDescriptor.invokeTestMethod(TestMethodTestDescriptor.java:206)
	at org.junit.jupiter.engine.descriptor.TestMethodTestDescriptor.execute(TestMethodTestDescriptor.java:131)
	at org.junit.jupiter.engine.descriptor.TestMethodTestDescriptor.execute(TestMethodTestDescriptor.java:65)
	at org.junit.platform.engine.support.hierarchical.NodeTestTask.lambda$executeRecursively$5(NodeTestTask.java:139)
	at org.junit.platform.engine.support.hierarchical.ThrowableCollector.execute(ThrowableCollector.java:73)
	at org.junit.platform.engine.support.hierarchical.NodeTestTask.lambda$executeRecursively$7(NodeTestTask.java:129)
	at org.junit.platform.engine.support.hierarchical.Node.around(Node.java:137)
	at org.junit.platform.engine.support.hierarchical.NodeTestTask.lambda$executeRecursively$8(NodeTestTask.java:127)
	at org.junit.platform.engine.support.hierarchical.ThrowableCollector.execute(ThrowableCollector.java:73)
	at org.junit.platform.engine.support.hierarchical.NodeTestTask.executeRecursively(NodeTestTask.java:126)
	at org.junit.platform.engine.support.hierarchical.NodeTestTask.execute(NodeTestTask.java:84)
	at org.junit.platform.engine.support.hierarchical.SameThreadHierarchicalTestExecutorService.submit(SameThreadHierarchicalTestExecutorService.java:32)
	at org.junit.platform.engine.support.hierarchical.NodeTestTask$DefaultDynamicTestExecutor.execute(NodeTestTask.java:212)
	at org.junit.platform.engine.support.hierarchical.NodeTestTask$DefaultDynamicTestExecutor.execute(NodeTestTask.java:192)
	at org.junit.jupiter.engine.descriptor.TestTemplateTestDescriptor.execute(TestTemplateTestDescriptor.java:139)
	at org.junit.jupiter.engine.descriptor.TestTemplateTestDescriptor.lambda$execute$2(TestTemplateTestDescriptor.java:107)
	at java.base/java.util.stream.ForEachOps$ForEachOp$OfRef.accept(ForEachOps.java:183)
	at java.base/java.util.stream.ReferencePipeline$3$1.accept(ReferencePipeline.java:195)
	at java.base/java.util.stream.ReferencePipeline$2$1.accept(ReferencePipeline.java:177)
	at java.base/java.util.stream.ReferencePipeline$3$1.accept(ReferencePipeline.java:195)
	at java.base/java.util.stream.ForEachOps$ForEachOp$OfRef.accept(ForEachOps.java:183)
	at java.base/java.util.stream.ReferencePipeline$11$1.accept(ReferencePipeline.java:442)
	at java.base/java.util.stream.ReferencePipeline$3$1.accept(ReferencePipeline.java:195)
	at java.base/java.util.stream.ReferencePipeline$3$1.accept(ReferencePipeline.java:195)
	at java.base/java.util.stream.ReferencePipeline$3$1.accept(ReferencePipeline.java:195)
	at java.base/java.util.stream.ForEachOps$ForEachOp$OfRef.accept(ForEachOps.java:183)
	at java.base/java.util.stream.ReferencePipeline$3$1.accept(ReferencePipeline.java:195)
	at java.base/java.util.Spliterators$ArraySpliterator.forEachRemaining(Spliterators.java:948)
	at java.base/java.util.stream.AbstractPipeline.copyInto(AbstractPipeline.java:484)
	at java.base/java.util.stream.AbstractPipeline.wrapAndCopyInto(AbstractPipeline.java:474)
	at java.base/java.util.stream.ForEachOps$ForEachOp.evaluateSequential(ForEachOps.java:150)
	at java.base/java.util.stream.ForEachOps$ForEachOp$OfRef.evaluateSequential(ForEachOps.java:173)
	at java.base/java.util.stream.AbstractPipeline.evaluate(AbstractPipeline.java:234)
	at java.base/java.util.stream.ReferencePipeline.forEach(ReferencePipeline.java:497)
	at java.base/java.util.stream.ReferencePipeline$7$1.accept(ReferencePipeline.java:274)
	at java.base/java.util.stream.ReferencePipeline$3$1.accept(ReferencePipeline.java:195)
	at java.base/java.util.stream.ReferencePipeline$3$1.accept(ReferencePipeline.java:195)
	at java.base/java.util.stream.ReferencePipeline$3$1.accept(ReferencePipeline.java:195)
	at java.base/java.util.ArrayList$ArrayListSpliterator.forEachRemaining(ArrayList.java:1655)
	at java.base/java.util.stream.AbstractPipeline.copyInto(AbstractPipeline.java:484)
	at java.base/java.util.stream.AbstractPipeline.wrapAndCopyInto(AbstractPipeline.java:474)
	at java.base/java.util.stream.ForEachOps$ForEachOp.evaluateSequential(ForEachOps.java:150)
	at java.base/java.util.stream.ForEachOps$ForEachOp$OfRef.evaluateSequential(ForEachOps.java:173)
	at java.base/java.util.stream.AbstractPipeline.evaluate(AbstractPipeline.java:234)
	at java.base/java.util.stream.ReferencePipeline.forEach(ReferencePipeline.java:497)
	at java.base/java.util.stream.ReferencePipeline$7$1.accept(ReferencePipeline.java:274)
	at java.base/java.util.ArrayList$ArrayListSpliterator.forEachRemaining(ArrayList.java:1655)
	at java.base/java.util.stream.AbstractPipeline.copyInto(AbstractPipeline.java:484)
	at java.base/java.util.stream.AbstractPipeline.wrapAndCopyInto(AbstractPipeline.java:474)
	at java.base/java.util.stream.ForEachOps$ForEachOp.evaluateSequential(ForEachOps.java:150)
	at java.base/java.util.stream.ForEachOps$ForEachOp$OfRef.evaluateSequential(ForEachOps.java:173)
	at java.base/java.util.stream.AbstractPipeline.evaluate(AbstractPipeline.java:234)
	at java.base/java.util.stream.ReferencePipeline.forEach(ReferencePipeline.java:497)
	at org.junit.jupiter.engine.descriptor.TestTemplateTestDescriptor.execute(TestTemplateTestDescriptor.java:107)
	at org.junit.jupiter.engine.descriptor.TestTemplateTestDescriptor.execute(TestTemplateTestDescriptor.java:42)
	at org.junit.platform.engine.support.hierarchical.NodeTestTask.lambda$executeRecursively$5(NodeTestTask.java:139)
	at org.junit.platform.engine.support.hierarchical.ThrowableCollector.execute(ThrowableCollector.java:73)
	at org.junit.platform.engine.support.hierarchical.NodeTestTask.lambda$executeRecursively$7(NodeTestTask.java:129)
	at org.junit.platform.engine.support.hierarchical.Node.around(Node.java:137)
	at org.junit.platform.engine.support.hierarchical.NodeTestTask.lambda$executeRecursively$8(NodeTestTask.java:127)
	at org.junit.platform.engine.support.hierarchical.ThrowableCollector.execute(ThrowableCollector.java:73)
	at org.junit.platform.engine.support.hierarchical.NodeTestTask.executeRecursively(NodeTestTask.java:126)
	at org.junit.platform.engine.support.hierarchical.NodeTestTask.execute(NodeTestTask.java:84)
	at java.base/java.util.ArrayList.forEach(ArrayList.java:1541)
	at org.junit.platform.engine.support.hierarchical.SameThreadHierarchicalTestExecutorService.invokeAll(SameThreadHierarchicalTestExecutorService.java:38)
	at org.junit.platform.engine.support.hierarchical.NodeTestTask.lambda$executeRecursively$5(NodeTestTask.java:143)
	at org.junit.platform.engine.support.hierarchical.ThrowableCollector.execute(ThrowableCollector.java:73)
	at org.junit.platform.engine.support.hierarchical.NodeTestTask.lambda$executeRecursively$7(NodeTestTask.java:129)
	at org.junit.platform.engine.support.hierarchical.Node.around(Node.java:137)
	at org.junit.platform.engine.support.hierarchical.NodeTestTask.lambda$executeRecursively$8(NodeTestTask.java:127)
	at org.junit.platform.engine.support.hierarchical.ThrowableCollector.execute(ThrowableCollector.java:73)
	at org.junit.platform.engine.support.hierarchical.NodeTestTask.executeRecursively(NodeTestTask.java:126)
	at org.junit.platform.engine.support.hierarchical.NodeTestTask.execute(NodeTestTask.java:84)
	at java.base/java.util.ArrayList.forEach(ArrayList.java:1541)
	at org.junit.platform.engine.support.hierarchical.SameThreadHierarchicalTestExecutorService.invokeAll(SameThreadHierarchicalTestExecutorService.java:38)
	at org.junit.platform.engine.support.hierarchical.NodeTestTask.lambda$executeRecursively$5(NodeTestTask.java:143)
	at org.junit.platform.engine.support.hierarchical.ThrowableCollector.execute(ThrowableCollector.java:73)
	at org.junit.platform.engine.support.hierarchical.NodeTestTask.lambda$executeRecursively$7(NodeTestTask.java:129)
	at org.junit.platform.engine.support.hierarchical.Node.around(Node.java:137)
	at org.junit.platform.engine.support.hierarchical.NodeTestTask.lambda$executeRecursively$8(NodeTestTask.java:127)
	at org.junit.platform.engine.support.hierarchical.ThrowableCollector.execute(ThrowableCollector.java:73)
	at org.junit.platform.engine.support.hierarchical.NodeTestTask.executeRecursively(NodeTestTask.java:126)
	at org.junit.platform.engine.support.hierarchical.NodeTestTask.execute(NodeTestTask.java:84)
	at org.junit.platform.engine.support.hierarchical.SameThreadHierarchicalTestExecutorService.submit(SameThreadHierarchicalTestExecutorService.java:32)
	at org.junit.platform.engine.support.hierarchical.HierarchicalTestExecutor.execute(HierarchicalTestExecutor.java:57)
	at org.junit.platform.engine.support.hierarchical.HierarchicalTestEngine.execute(HierarchicalTestEngine.java:51)
	at org.junit.platform.launcher.core.EngineExecutionOrchestrator.execute(EngineExecutionOrchestrator.java:108)
	at org.junit.platform.launcher.core.EngineExecutionOrchestrator.execute(EngineExecutionOrchestrator.java:88)
	at org.junit.platform.launcher.core.EngineExecutionOrchestrator.lambda$execute$0(EngineExecutionOrchestrator.java:54)
	at org.junit.platform.launcher.core.EngineExecutionOrchestrator.withInterceptedStreams(EngineExecutionOrchestrator.java:67)
	at org.junit.platform.launcher.core.EngineExecutionOrchestrator.execute(EngineExecutionOrchestrator.java:52)
	at org.junit.platform.launcher.core.DefaultLauncher.execute(DefaultLauncher.java:96)
	at org.junit.platform.launcher.core.DefaultLauncher.execute(DefaultLauncher.java:75)
	at org.apache.maven.surefire.junitplatform.JUnitPlatformProvider.execute(JUnitPlatformProvider.java:188)
	at org.apache.maven.surefire.junitplatform.JUnitPlatformProvider.invokeAllTests(JUnitPlatformProvider.java:154)
	at org.apache.maven.surefire.junitplatform.JUnitPlatformProvider.invoke(JUnitPlatformProvider.java:128)
	at org.apache.maven.surefire.booter.ForkedBooter.runSuitesInProcess(ForkedBooter.java:428)
	at org.apache.maven.surefire.booter.ForkedBooter.execute(ForkedBooter.java:162)
	at org.apache.maven.surefire.booter.ForkedBooter.run(ForkedBooter.java:562)
	at org.apache.maven.surefire.booter.ForkedBooter.main(ForkedBooter.java:548)
[INFO] Tests run: 2, Failures: 0, Errors: 0, Skipped: 0, Time elapsed: 0.187 s - in io.github.thebusybiscuit.slimefun4.testing.tests.listeners.TestBeeListener
[INFO] Running io.github.thebusybiscuit.slimefun4.testing.tests.listeners.TestPiglinListener
[10:17:19 SEVERE]: [Slimefun] Failed to create AutoUpdater
[INFO] Tests run: 6, Failures: 0, Errors: 0, Skipped: 0, Time elapsed: 0.139 s - in io.github.thebusybiscuit.slimefun4.testing.tests.listeners.TestPiglinListener
[INFO] Running io.github.thebusybiscuit.slimefun4.testing.tests.listeners.TestSlimefunGuideListener
[10:17:19 SEVERE]: [Slimefun] Failed to create AutoUpdater
[INFO] Tests run: 4, Failures: 0, Errors: 0, Skipped: 0, Time elapsed: 0.013 s - in io.github.thebusybiscuit.slimefun4.testing.tests.listeners.TestSlimefunGuideListener
[INFO] Running io.github.thebusybiscuit.slimefun4.testing.tests.listeners.TestCartographyTableListener
[10:17:19 SEVERE]: [Slimefun] Failed to create AutoUpdater
[INFO] Tests run: 2, Failures: 0, Errors: 0, Skipped: 0, Time elapsed: 0.011 s - in io.github.thebusybiscuit.slimefun4.testing.tests.listeners.TestCartographyTableListener
[INFO] Running io.github.thebusybiscuit.slimefun4.testing.tests.listeners.TestItemPickupListener
[10:17:20 SEVERE]: [Slimefun] Failed to create AutoUpdater
[INFO] Tests run: 8, Failures: 0, Errors: 0, Skipped: 0, Time elapsed: 0.036 s - in io.github.thebusybiscuit.slimefun4.testing.tests.listeners.TestItemPickupListener
[INFO] Running io.github.thebusybiscuit.slimefun4.testing.tests.listeners.TestPlayerProfileListener
[10:17:20 SEVERE]: [Slimefun] Failed to create AutoUpdater
[INFO] Tests run: 4, Failures: 0, Errors: 0, Skipped: 0, Time elapsed: 0.028 s - in io.github.thebusybiscuit.slimefun4.testing.tests.listeners.TestPlayerProfileListener
[INFO] Running io.github.thebusybiscuit.slimefun4.testing.tests.listeners.TestBackpackListener
[10:17:20 SEVERE]: [Slimefun] Failed to create AutoUpdater
[INFO] Tests run: 14, Failures: 0, Errors: 0, Skipped: 0, Time elapsed: 0.063 s - in io.github.thebusybiscuit.slimefun4.testing.tests.listeners.TestBackpackListener
[INFO] Running io.github.thebusybiscuit.slimefun4.testing.tests.listeners.TestCauldronListener
[10:17:20 SEVERE]: [Slimefun] Failed to create AutoUpdater
[INFO] Tests run: 6, Failures: 0, Errors: 0, Skipped: 0, Time elapsed: 0.021 s - in io.github.thebusybiscuit.slimefun4.testing.tests.listeners.TestCauldronListener
[INFO] Running io.github.thebusybiscuit.slimefun4.testing.tests.listeners.TestVillagerTradingListener
[10:17:20 SEVERE]: [Slimefun] Failed to create AutoUpdater
[INFO] Tests run: 4, Failures: 0, Errors: 0, Skipped: 0, Time elapsed: 0.021 s - in io.github.thebusybiscuit.slimefun4.testing.tests.listeners.TestVillagerTradingListener
[INFO] Running io.github.thebusybiscuit.slimefun4.testing.tests.listeners.TestCraftingTableListener
[10:17:20 SEVERE]: [Slimefun] Failed to create AutoUpdater
[INFO] Tests run: 7, Failures: 0, Errors: 0, Skipped: 0, Time elapsed: 0.115 s - in io.github.thebusybiscuit.slimefun4.testing.tests.listeners.TestCraftingTableListener
[INFO] 
[INFO] Results:
[INFO] 
[INFO] Tests run: 361, Failures: 0, Errors: 0, Skipped: 0
[INFO] 
[INFO] 
[INFO] --- jacoco-maven-plugin:0.8.6:report (report) @ Slimefun ---
[INFO] Loading execution data file /home/runner/work/builds/builds/TheBusyBiscuit/Slimefun4/stable/files/target/jacoco.exec
[INFO] Analyzed bundle 'Slimefun' with 564 classes
[INFO] 
[INFO] --- maven-jar-plugin:2.4:jar (default-jar) @ Slimefun ---
[INFO] Building jar: /home/runner/work/builds/builds/TheBusyBiscuit/Slimefun4/stable/files/target/Slimefun4-17.jar
[INFO] 
[INFO] >>> maven-source-plugin:3.2.1:jar (attach-sources) > generate-sources @ Slimefun >>>
[INFO] 
[INFO] --- jacoco-maven-plugin:0.8.6:prepare-agent (prepare) @ Slimefun ---
[INFO] argLine set to -javaagent:/home/runner/.m2/repository/org/jacoco/org.jacoco.agent/0.8.6/org.jacoco.agent-0.8.6-runtime.jar=destfile=/home/runner/work/builds/builds/TheBusyBiscuit/Slimefun4/stable/files/target/jacoco.exec
[INFO] 
[INFO] <<< maven-source-plugin:3.2.1:jar (attach-sources) < generate-sources @ Slimefun <<<
[INFO] 
[INFO] 
[INFO] --- maven-source-plugin:3.2.1:jar (attach-sources) @ Slimefun ---
[INFO] Building jar: /home/runner/work/builds/builds/TheBusyBiscuit/Slimefun4/stable/files/target/Slimefun4-17-sources.jar
[INFO] 
[INFO] --- maven-shade-plugin:3.2.4:shade (default) @ Slimefun ---
[INFO] Including com.github.TheBusyBiscuit:CS-CoreLib2:jar:0.26 in the shaded jar.
[INFO] Including io.papermc:paperlib:jar:1.0.5 in the shaded jar.
[INFO] Including com.konghq:unirest-java:jar:3.11.01 in the shaded jar.
[INFO] Including org.apache.httpcomponents:httpclient:jar:4.5.13 in the shaded jar.
[INFO] Including org.apache.httpcomponents:httpcore:jar:4.4.13 in the shaded jar.
[INFO] Including commons-logging:commons-logging:jar:1.2 in the shaded jar.
[INFO] Including commons-codec:commons-codec:jar:1.11 in the shaded jar.
[INFO] Including org.apache.httpcomponents:httpmime:jar:4.5.13 in the shaded jar.
[INFO] Including org.apache.httpcomponents:httpcore-nio:jar:4.4.13 in the shaded jar.
[INFO] Including org.apache.httpcomponents:httpasyncclient:jar:4.1.4 in the shaded jar.
[INFO] Replacing original artifact with shaded artifact.
[INFO] Replacing /home/runner/work/builds/builds/TheBusyBiscuit/Slimefun4/stable/files/target/Slimefun4-17.jar with /home/runner/work/builds/builds/TheBusyBiscuit/Slimefun4/stable/files/target/Slimefun-RC - 17 (git e8a90f05)-shaded.jar
[INFO] Dependency-reduced POM written at: /home/runner/work/builds/builds/TheBusyBiscuit/Slimefun4/stable/files/dependency-reduced-pom.xml
[INFO] ------------------------------------------------------------------------
[INFO] BUILD SUCCESS
[INFO] ------------------------------------------------------------------------
[INFO] Total time:  21.042 s
[INFO] Finished at: 2020-10-17T10:17:24Z
[INFO] ------------------------------------------------------------------------
